=========================
Fcitx 5.0.12 -- Get Signal No.: 11
Date: try "date -d @1641262192" if you are using GNU date ***
ProcessID: 4277
fcitx5(+0xbc74)[0x562b55db2c74]
/usr/lib/libc.so.6(+0x3cda0)[0x7fcd38c7dda0]
/usr/lib/fcitx5/libxim.so(+0x955f)[0x7fcd36f4b55f]
/usr/lib/libFcitx5Core.so.7(_ZNK5fcitx8Instance9postEventERNS_5EventE+0x324)[0x7fcd3918e8f4]
/usr/lib/libFcitx5Core.so.7(_ZN5fcitx12InputContext19updateUserInterfaceENS_22UserInterfaceComponentEb+0x8e)[0x7fcd391b9e8e]
/usr/lib/libFcitx5Core.so.7(_ZN5fcitx8Instance21deactivateInputMethodERNS_17InputContextEventE+0x5db)[0x7fcd3918f4fb]
/usr/lib/libFcitx5Core.so.7(_ZNK5fcitx8Instance9postEventERNS_5EventE+0x324)[0x7fcd3918e8f4]
/usr/lib/libFcitx5Core.so.7(_ZN5fcitx12InputContext11setHasFocusEb+0xb0)[0x7fcd391b9780]
/usr/lib/libFcitx5Core.so.7(_ZN5fcitx10FocusGroup22setFocusedInputContextEPNS_12InputContextE+0xa8)[0x7fcd391b8928]
/usr/lib/fcitx5/libxim.so(+0x6f63)[0x7fcd36f48f63]
/usr/lib/libxcb-imdkit.so.1(+0xfb63)[0x7fcd36ea5b63]
/usr/lib/libxcb-imdkit.so.1(+0xc270)[0x7fcd36ea2270]
/usr/lib/libxcb-imdkit.so.1(xcb_im_filter_event+0x3d)[0x7fcd36ea2c0d]
/usr/lib/fcitx5/libxim.so(+0x93f8)[0x7fcd36f4b3f8]
/usr/lib/fcitx5/libxcb.so(+0x1148b)[0x7fcd380a148b]
/usr/lib/libFcitx5Utils.so.2(+0x4bb57)[0x7fcd390ceb57]
/usr/lib/libFcitx5Utils.so.2(+0x4b55c)[0x7fcd390ce55c]
/usr/lib/libFcitx5Utils.so.2(+0x4388f)[0x7fcd390c688f]
/usr/lib/libsystemd.so.0(+0x7a04b)[0x7fcd38b6304b]
/usr/lib/libsystemd.so.0(sd_event_dispatch+0x13e)[0x7fcd38b6324e]
/usr/lib/libsystemd.so.0(sd_event_run+0x119)[0x7fcd38b65f59]
/usr/lib/libsystemd.so.0(sd_event_loop+0x60)[0x7fcd38b66130]
/usr/lib/libFcitx5Utils.so.2(_ZN5fcitx9EventLoop4execEv+0x12)[0x7fcd390c6962]
/usr/lib/libFcitx5Core.so.7(_ZN5fcitx8Instance4execEv+0x57)[0x7fcd391959a7]
fcitx5(+0xaaa6)[0x562b55db1aa6]
/usr/lib/libc.so.6(__libc_start_main+0xd5)[0x7fcd38c68b25]
fcitx5(+0xaebe)[0x562b55db1ebe]
